app/build/intermediates/manifest_merge_blame_file/release/processReleaseMainManifest/manifest-merger-blame-release-report.txt
1<?xml version="1.0" encoding="utf-8"?>
2<manifest xmlns:android="http://schemas.android.com/apk/res/android"
3    package="com.dianguard.app"
4    android:versionCode="21"
5    android:versionName="1.1.2" >
6
7    <uses-sdk
8        android:minSdkVersion="21"
9        android:targetSdkVersion="34" />
10
11    <!-- 网络：订阅震前预警 WebSocket -->
12    <uses-permission android:name="android.permission.INTERNET" />
12-->src\main\AndroidManifest.xml:6:5-67
12-->src\main\AndroidManifest.xml:6:22-64
13    <uses-permission android:name="android.permission.ACCESS_NETWORK_STATE" />
13-->src\main\AndroidManifest.xml:7:5-79
13-->src\main\AndroidManifest.xml:7:22-76
14
15    <!-- 前台服务：保活监听，防止被系统回收 -->
16    <uses-permission android:name="android.permission.FOREGROUND_SERVICE" />
16-->src\main\AndroidManifest.xml:10:5-77
16-->src\main\AndroidManifest.xml:10:22-74
17    <!-- Android 14+ 前台服务类型声明（数据同步类，对应 WebSocket 常驻监听） -->
18    <uses-permission android:name="android.permission.FOREGROUND_SERVICE_DATA_SYNC" />
18-->src\main\AndroidManifest.xml:12:5-87
18-->src\main\AndroidManifest.xml:12:22-84
19
20    <!-- 唤醒锁：收到预警时点亮屏幕、保持 CPU 运行直到告警结束 -->
21    <uses-permission android:name="android.permission.WAKE_LOCK" />
21-->src\main\AndroidManifest.xml:15:5-68
21-->src\main\AndroidManifest.xml:15:22-65
22
23    <!-- Android 13+ 通知权限（前台服务通知 + 预警推送通知） -->
24    <uses-permission android:name="android.permission.POST_NOTIFICATIONS" />
24-->src\main\AndroidManifest.xml:18:5-77
24-->src\main\AndroidManifest.xml:18:22-74
25
26    <!-- 定位：用于抓取当前位置作为预警参考点，并随设备移动及时刷新 -->
27    <uses-permission android:name="android.permission.ACCESS_FINE_LOCATION" />
27-->src\main\AndroidManifest.xml:21:5-79
27-->src\main\AndroidManifest.xml:21:22-76
28    <uses-permission android:name="android.permission.ACCESS_COARSE_LOCATION" />
28-->src\main\AndroidManifest.xml:22:5-81
28-->src\main\AndroidManifest.xml:22:22-78
29
30    <!-- 悬浮窗：真实预警时无论 App 是否在前台，都必须以悬浮窗形式强制弹出 -->
31    <uses-permission android:name="android.permission.SYSTEM_ALERT_WINDOW" />
31-->src\main\AndroidManifest.xml:25:5-78
31-->src\main\AndroidManifest.xml:25:22-75
32
33    <!-- 应用内更新：下载后直接调起系统安装器（Android 8+ 必需） -->
34    <uses-permission android:name="android.permission.REQUEST_INSTALL_PACKAGES" />
34-->src\main\AndroidManifest.xml:28:5-83
34-->src\main\AndroidManifest.xml:28:22-80
35
36    <!-- 开机自启：老手机通电/重启后自动恢复预警监听 -->
37    <uses-permission android:name="android.permission.RECEIVE_BOOT_COMPLETED" />
37-->src\main\AndroidManifest.xml:31:5-81
37-->src\main\AndroidManifest.xml:31:22-78
38
39    <!-- 引导用户关闭电池优化（非运行时授权，弹出系统设置页） -->
40    <uses-permission android:name="android.permission.REQUEST_IGNORE_BATTERY_OPTIMIZATIONS" />
40-->src\main\AndroidManifest.xml:34:5-36:47
40-->src\main\AndroidManifest.xml:35:9-79
41
42    <permission
42-->[androidx.core:core:1.13.1] AndroidManifest.xml:22:5-24:47
43        android:name="com.dianguard.app.DYNAMIC_RECEIVER_NOT_EXPORTED_PERMISSION"
43-->[androidx.core:core:1.13.1] AndroidManifest.xml:23:9-81
44        android:protectionLevel="signature" />
44-->[androidx.core:core:1.13.1] AndroidManifest.xml:24:9-44
45
46    <uses-permission android:name="com.dianguard.app.DYNAMIC_RECEIVER_NOT_EXPORTED_PERMISSION" />
46-->[androidx.core:core:1.13.1] AndroidManifest.xml:26:5-97
46-->[androidx.core:core:1.13.1] AndroidManifest.xml:26:22-94
47
48    <application
48-->src\main\AndroidManifest.xml:38:5-119:19
49        android:name="com.dianguard.app.DianguardApp"
49-->src\main\AndroidManifest.xml:39:9-37
50        android:allowBackup="false"
50-->src\main\AndroidManifest.xml:40:9-36
51        android:appComponentFactory="androidx.core.app.CoreComponentFactory"
51-->[androidx.core:core:1.13.1] AndroidManifest.xml:28:18-86
52        android:extractNativeLibs="true"
53        android:icon="@mipmap/ic_launcher"
53-->src\main\AndroidManifest.xml:42:9-43
54        android:label="@string/app_name"
54-->src\main\AndroidManifest.xml:43:9-41
55        android:roundIcon="@mipmap/ic_launcher_round"
55-->src\main\AndroidManifest.xml:44:9-54
56        android:supportsRtl="true"
56-->src\main\AndroidManifest.xml:45:9-35
57        android:theme="@style/Theme.Dianguard"
57-->src\main\AndroidManifest.xml:46:9-47
58        android:usesCleartextTraffic="false" >
58-->src\main\AndroidManifest.xml:41:9-45
59
60        <!-- 配置主页 -->
61        <activity
61-->src\main\AndroidManifest.xml:49:9-57:20
62            android:name="com.dianguard.app.MainActivity"
62-->src\main\AndroidManifest.xml:50:13-41
63            android:exported="true"
63-->src\main\AndroidManifest.xml:51:13-36
64            android:theme="@style/Theme.Dianguard" >
64-->src\main\AndroidManifest.xml:52:13-51
65            <intent-filter>
65-->src\main\AndroidManifest.xml:53:13-56:29
66                <action android:name="android.intent.action.MAIN" />
66-->src\main\AndroidManifest.xml:54:17-69
66-->src\main\AndroidManifest.xml:54:25-66
67
68                <category android:name="android.intent.category.LAUNCHER" />
68-->src\main\AndroidManifest.xml:55:17-77
68-->src\main\AndroidManifest.xml:55:27-74
69            </intent-filter>
70        </activity>
71
72        <!-- 全屏倒计时告警页（锁屏之上、横竖屏均可） -->
73        <activity
73-->src\main\AndroidManifest.xml:60:9-66:47
74            android:name="com.dianguard.app.AlertActivity"
74-->src\main\AndroidManifest.xml:61:13-42
75            android:exported="false"
75-->src\main\AndroidManifest.xml:62:13-37
76            android:launchMode="singleTask"
76-->src\main\AndroidManifest.xml:66:13-44
77            android:showOnLockScreen="true"
77-->src\main\AndroidManifest.xml:64:13-44
78            android:theme="@style/Theme.Dianguard.Alert"
78-->src\main\AndroidManifest.xml:63:13-57
79            android:turnScreenOn="true" />
79-->src\main\AndroidManifest.xml:65:13-40
80
81        <!-- 厂商保活（自启动/电池白名单）引导页 -->
82        <activity
82-->src\main\AndroidManifest.xml:69:9-72:54
83            android:name="com.dianguard.app.GuideActivity"
83-->src\main\AndroidManifest.xml:70:13-42
84            android:exported="false"
84-->src\main\AndroidManifest.xml:71:13-37
85            android:theme="@style/Theme.Dianguard" />
85-->src\main\AndroidManifest.xml:72:13-51
86
87        <!-- 测试报警：四级预警分别试听（从“设置”Tab 进入） -->
88        <activity
88-->src\main\AndroidManifest.xml:75:9-80:54
89            android:name="com.dianguard.app.TestAlarmActivity"
89-->src\main\AndroidManifest.xml:76:13-46
90            android:exported="false"
90-->src\main\AndroidManifest.xml:77:13-37
91            android:label="@string/test_alarm_title"
91-->src\main\AndroidManifest.xml:78:13-53
92            android:parentActivityName="com.dianguard.app.MainActivity"
92-->src\main\AndroidManifest.xml:79:13-55
93            android:theme="@style/Theme.Dianguard" />
93-->src\main\AndroidManifest.xml:80:13-51
94
95        <!-- 免责声明与用户协议（v1.1.0 全新发布） -->
96        <activity
96-->src\main\AndroidManifest.xml:83:9-88:54
97            android:name="com.dianguard.app.DisclaimerActivity"
97-->src\main\AndroidManifest.xml:84:13-47
98            android:exported="false"
98-->src\main\AndroidManifest.xml:85:13-37
99            android:label="@string/disclaimer_title"
99-->src\main\AndroidManifest.xml:86:13-53
100            android:parentActivityName="com.dianguard.app.MainActivity"
100-->src\main\AndroidManifest.xml:87:13-55
101            android:theme="@style/Theme.Dianguard" />
101-->src\main\AndroidManifest.xml:88:13-51
102
103        <!-- 常驻预警前台服务：订阅 EEW、计算 S 波 ETA、触发告警 -->
104        <service
104-->src\main\AndroidManifest.xml:91:9-95:44
105            android:name="com.dianguard.app.EewService"
105-->src\main\AndroidManifest.xml:92:13-39
106            android:exported="false"
106-->src\main\AndroidManifest.xml:93:13-37
107            android:foregroundServiceType="dataSync"
107-->src\main\AndroidManifest.xml:94:13-53
108            android:stopWithTask="false" />
108-->src\main\AndroidManifest.xml:95:13-41
109
110        <!-- 开机自启接收器 -->
111        <receiver
111-->src\main\AndroidManifest.xml:98:9-106:20
112            android:name="com.dianguard.app.BootCompletedReceiver"
112-->src\main\AndroidManifest.xml:99:13-50
113            android:exported="false" >
113-->src\main\AndroidManifest.xml:100:13-37
114            <intent-filter>
114-->src\main\AndroidManifest.xml:101:13-105:29
115                <action android:name="android.intent.action.BOOT_COMPLETED" />
115-->src\main\AndroidManifest.xml:102:17-79
115-->src\main\AndroidManifest.xml:102:25-76
116                <action android:name="android.intent.action.QUICKBOOT_POWERON" />
116-->src\main\AndroidManifest.xml:103:17-82
116-->src\main\AndroidManifest.xml:103:25-79
117                <action android:name="android.intent.action.MY_PACKAGE_REPLACED" />
117-->src\main\AndroidManifest.xml:104:17-84
117-->src\main\AndroidManifest.xml:104:25-81
118            </intent-filter>
119        </receiver>
120
121        <!-- 应用内更新：对外共享已下载的 APK 供系统安装器安装 -->
122        <provider
122-->src\main\AndroidManifest.xml:109:9-117:20
123            android:name="androidx.core.content.FileProvider"
123-->src\main\AndroidManifest.xml:110:13-62
124            android:authorities="com.dianguard.app.fileprovider"
124-->src\main\AndroidManifest.xml:111:13-65
125            android:exported="false"
125-->src\main\AndroidManifest.xml:112:13-37
126            android:grantUriPermissions="true" >
126-->src\main\AndroidManifest.xml:113:13-47
127            <meta-data
127-->src\main\AndroidManifest.xml:114:13-116:54
128                android:name="android.support.FILE_PROVIDER_PATHS"
128-->src\main\AndroidManifest.xml:115:17-67
129                android:resource="@xml/file_paths" />
129-->src\main\AndroidManifest.xml:116:17-51
130        </provider>
131        <provider
131-->[androidx.emoji2:emoji2:1.3.0] AndroidManifest.xml:24:9-32:20
132            android:name="androidx.startup.InitializationProvider"
132-->[androidx.emoji2:emoji2:1.3.0] AndroidManifest.xml:25:13-67
133            android:authorities="com.dianguard.app.androidx-startup"
133-->[androidx.emoji2:emoji2:1.3.0] AndroidManifest.xml:26:13-68
134            android:exported="false" >
134-->[androidx.emoji2:emoji2:1.3.0] AndroidManifest.xml:27:13-37
135            <meta-data
135-->[androidx.emoji2:emoji2:1.3.0] AndroidManifest.xml:29:13-31:52
136                android:name="androidx.emoji2.text.EmojiCompatInitializer"
136-->[androidx.emoji2:emoji2:1.3.0] AndroidManifest.xml:30:17-75
137                android:value="androidx.startup" />
137-->[androidx.emoji2:emoji2:1.3.0] AndroidManifest.xml:31:17-49
138            <meta-data
138-->[androidx.lifecycle:lifecycle-process:2.6.2] AndroidManifest.xml:29:13-31:52
139                android:name="androidx.lifecycle.ProcessLifecycleInitializer"
139-->[androidx.lifecycle:lifecycle-process:2.6.2] AndroidManifest.xml:30:17-78
140                android:value="androidx.startup" />
140-->[androidx.lifecycle:lifecycle-process:2.6.2] AndroidManifest.xml:31:17-49
141            <meta-data
141-->[androidx.profileinstaller:profileinstaller:1.3.1] AndroidManifest.xml:29:13-31:52
142                android:name="androidx.profileinstaller.ProfileInstallerInitializer"
142-->[androidx.profileinstaller:profileinstaller:1.3.1] AndroidManifest.xml:30:17-85
143                android:value="androidx.startup" />
143-->[androidx.profileinstaller:profileinstaller:1.3.1] AndroidManifest.xml:31:17-49
144        </provider>
145
146        <receiver
146-->[androidx.profileinstaller:profileinstaller:1.3.1] AndroidManifest.xml:34:9-52:20
147            android:name="androidx.profileinstaller.ProfileInstallReceiver"
147-->[androidx.profileinstaller:profileinstaller:1.3.1] AndroidManifest.xml:35:13-76
148            android:directBootAware="false"
148-->[androidx.profileinstaller:profileinstaller:1.3.1] AndroidManifest.xml:36:13-44
149            android:enabled="true"
149-->[androidx.profileinstaller:profileinstaller:1.3.1] AndroidManifest.xml:37:13-35
150            android:exported="true"
150-->[androidx.profileinstaller:profileinstaller:1.3.1] AndroidManifest.xml:38:13-36
151            android:permission="android.permission.DUMP" >
151-->[androidx.profileinstaller:profileinstaller:1.3.1] AndroidManifest.xml:39:13-57
152            <intent-filter>
152-->[androidx.profileinstaller:profileinstaller:1.3.1] AndroidManifest.xml:40:13-42:29
153                <action android:name="androidx.profileinstaller.action.INSTALL_PROFILE" />
153-->[androidx.profileinstaller:profileinstaller:1.3.1] AndroidManifest.xml:41:17-91
153-->[androidx.profileinstaller:profileinstaller:1.3.1] AndroidManifest.xml:41:25-88
154            </intent-filter>
155            <intent-filter>
155-->[androidx.profileinstaller:profileinstaller:1.3.1] AndroidManifest.xml:43:13-45:29
156                <action android:name="androidx.profileinstaller.action.SKIP_FILE" />
156-->[androidx.profileinstaller:profileinstaller:1.3.1] AndroidManifest.xml:44:17-85
156-->[androidx.profileinstaller:profileinstaller:1.3.1] AndroidManifest.xml:44:25-82
157            </intent-filter>
158            <intent-filter>
158-->[androidx.profileinstaller:profileinstaller:1.3.1] AndroidManifest.xml:46:13-48:29
159                <action android:name="androidx.profileinstaller.action.SAVE_PROFILE" />
159-->[androidx.profileinstaller:profileinstaller:1.3.1] AndroidManifest.xml:47:17-88
159-->[androidx.profileinstaller:profileinstaller:1.3.1] AndroidManifest.xml:47:25-85
160            </intent-filter>
161            <intent-filter>
161-->[androidx.profileinstaller:profileinstaller:1.3.1] AndroidManifest.xml:49:13-51:29
162                <action android:name="androidx.profileinstaller.action.BENCHMARK_OPERATION" />
162-->[androidx.profileinstaller:profileinstaller:1.3.1] AndroidManifest.xml:50:17-95
162-->[androidx.profileinstaller:profileinstaller:1.3.1] AndroidManifest.xml:50:25-92
163            </intent-filter>
164        </receiver>
165    </application>
166
167</manifest>